<?xml version="1.0" encoding="UTF-8"?>
<testng-results ignored="0" total="1" passed="1" failed="0" skipped="0">
  <reporter-output>
  </reporter-output>
  <suite started-at="2023-02-13T17:29:56 IST" name="Default suite" finished-at="2023-02-13T17:30:30 IST" duration-ms="34134">
    <groups>
    </groups>
    <test started-at="2023-02-13T17:29:56 IST" name="Default test" finished-at="2023-02-13T17:30:30 IST" duration-ms="34134">
      <class name="com.reports.ExtentReports.ExtentReportDemo">
        <test-method is-config="true" signature="config()[pri:0, instance:com.reports.ExtentReports.ExtentReportDemo@5d534f5d]" started-at="2023-02-13T17:29:56 IST" name="config" finished-at="2023-02-13T17:29:56 IST" duration-ms="441" status="PASS">
          <reporter-output>
          </reporter-output>
        </test-method> <!-- config -->
        <test-method signature="initialDemo()[pri:0, instance:com.reports.ExtentReports.ExtentReportDemo@5d534f5d]" started-at="2023-02-13T17:29:56 IST" name="initialDemo" finished-at="2023-02-13T17:30:30 IST" duration-ms="33625" status="PASS">
          <reporter-output>
          </reporter-output>
        </test-method> <!-- initialDemo -->
      </class> <!-- com.reports.ExtentReports.ExtentReportDemo -->
    </test> <!-- Default test -->
  </suite> <!-- Default suite -->
</testng-results>
